app/build/intermediates/manifest_merge_blame_file/debug/processDebugMainManifest/manifest-merger-blame-debug-report.txt
1<?xml version="1.0" encoding="utf-8"?>
2<manifest xmlns:android="http://schemas.android.com/apk/res/android"
3    package="com.example.hearingaidstreamer"
4    android:versionCode="1"
5    android:versionName="1.0" >
6
7    <uses-sdk
8        android:minSdkVersion="31"
9        android:targetSdkVersion="34" />
10
11    <uses-permission android:name="android.permission.RECORD_AUDIO" />
11-->src/main/AndroidManifest.xml:4:5-71
11-->src/main/AndroidManifest.xml:4:22-68
12    <uses-permission android:name="android.permission.MODIFY_AUDIO_SETTINGS" />
12-->src/main/AndroidManifest.xml:5:5-80
12-->src/main/AndroidManifest.xml:5:22-77
13    <uses-permission android:name="android.permission.BLUETOOTH_CONNECT" />
13-->src/main/AndroidManifest.xml:6:5-76
13-->src/main/AndroidManifest.xml:6:22-73
14    <uses-permission
14-->src/main/AndroidManifest.xml:7:5-120
15        android:name="android.permission.BLUETOOTH_SCAN"
15-->src/main/AndroidManifest.xml:7:22-70
16        android:usesPermissionFlags="neverForLocation" />
16-->src/main/AndroidManifest.xml:7:71-117
17    <uses-permission android:name="android.permission.BLUETOOTH_ADVERTISE" />
17-->src/main/AndroidManifest.xml:8:5-78
17-->src/main/AndroidManifest.xml:8:22-75
18    <uses-permission android:name="android.permission.FOREGROUND_SERVICE_MICROPHONE" />
18-->src/main/AndroidManifest.xml:9:5-88
18-->src/main/AndroidManifest.xml:9:22-85
19    <uses-permission android:name="android.permission.POST_NOTIFICATIONS" />
19-->src/main/AndroidManifest.xml:10:5-77
19-->src/main/AndroidManifest.xml:10:22-74
20    <uses-permission android:name="android.permission.MANAGE_OWN_CALLS" />
20-->src/main/AndroidManifest.xml:11:5-75
20-->src/main/AndroidManifest.xml:11:22-72
21    <uses-permission android:name="android.permission.CALL_PHONE" />
21-->src/main/AndroidManifest.xml:12:5-69
21-->src/main/AndroidManifest.xml:12:22-66
22
23    <permission
23-->[androidx.core:core:1.13.1] AndroidManifest.xml:22:5-24:47
24        android:name="com.example.hearingaidstreamer.DYNAMIC_RECEIVER_NOT_EXPORTED_PERMISSION"
24-->[androidx.core:core:1.13.1] AndroidManifest.xml:23:9-81
25        android:protectionLevel="signature" />
25-->[androidx.core:core:1.13.1] AndroidManifest.xml:24:9-44
26
27    <uses-permission android:name="com.example.hearingaidstreamer.DYNAMIC_RECEIVER_NOT_EXPORTED_PERMISSION" />
27-->[androidx.core:core:1.13.1] AndroidManifest.xml:26:5-97
27-->[androidx.core:core:1.13.1] AndroidManifest.xml:26:22-94
28
29    <application
29-->src/main/AndroidManifest.xml:14:5-35:19
30        android:allowBackup="true"
30-->src/main/AndroidManifest.xml:15:9-35
31        android:appComponentFactory="androidx.core.app.CoreComponentFactory"
31-->[androidx.core:core:1.13.1] AndroidManifest.xml:28:18-86
32        android:debuggable="true"
33        android:extractNativeLibs="false"
34        android:icon="@mipmap/ic_launcher"
34-->src/main/AndroidManifest.xml:16:9-43
35        android:label="@string/app_name"
35-->src/main/AndroidManifest.xml:17:9-41
36        android:supportsRtl="true"
36-->src/main/AndroidManifest.xml:18:9-35
37        android:theme="@style/Theme.HearingAidStreamer" >
37-->src/main/AndroidManifest.xml:19:9-56
38        <activity
38-->src/main/AndroidManifest.xml:21:9-28:20
39            android:name="com.example.hearingaidstreamer.ui.MainActivity"
39-->src/main/AndroidManifest.xml:22:13-74
40            android:exported="true" >
40-->src/main/AndroidManifest.xml:23:13-36
41            <intent-filter>
41-->src/main/AndroidManifest.xml:24:13-27:29
42                <action android:name="android.intent.action.MAIN" />
42-->src/main/AndroidManifest.xml:25:17-69
42-->src/main/AndroidManifest.xml:25:25-66
43
44                <category android:name="android.intent.category.LAUNCHER" />
44-->src/main/AndroidManifest.xml:26:17-77
44-->src/main/AndroidManifest.xml:26:27-74
45            </intent-filter>
46        </activity>
47
48        <service
48-->src/main/AndroidManifest.xml:30:9-33:87
49            android:name="com.example.hearingaidstreamer.telecom.HearingAidConnectionService"
49-->src/main/AndroidManifest.xml:31:13-94
50            android:exported="true"
50-->src/main/AndroidManifest.xml:32:13-36
51            android:permission="android.permission.BIND_TELECOM_CONNECTION_SERVICE" />
51-->src/main/AndroidManifest.xml:33:13-84
52
53        <!-- MuteStateReceiver is needed on sdk 33 and lower to echo global mute state changes -->
54        <receiver
54-->[androidx.core:core-telecom:1.0.1] AndroidManifest.xml:33:9-39:20
55            android:name="androidx.core.telecom.internal.MuteStateReceiver"
55-->[androidx.core:core-telecom:1.0.1] AndroidManifest.xml:34:13-76
56            android:exported="true" >
56-->[androidx.core:core-telecom:1.0.1] AndroidManifest.xml:35:13-36
57            <intent-filter>
57-->[androidx.core:core-telecom:1.0.1] AndroidManifest.xml:36:13-38:29
58                <action android:name="android.media.action.MICROPHONE_MUTE_CHANGED" />
58-->[androidx.core:core-telecom:1.0.1] AndroidManifest.xml:37:17-87
58-->[androidx.core:core-telecom:1.0.1] AndroidManifest.xml:37:25-84
59            </intent-filter>
60        </receiver>
61
62        <service
62-->[androidx.core:core-telecom:1.0.1] AndroidManifest.xml:41:9-48:19
63            android:name="androidx.core.telecom.internal.JetpackConnectionService"
63-->[androidx.core:core-telecom:1.0.1] AndroidManifest.xml:42:13-83
64            android:exported="true"
64-->[androidx.core:core-telecom:1.0.1] AndroidManifest.xml:43:13-36
65            android:permission="android.permission.BIND_TELECOM_CONNECTION_SERVICE" >
65-->[androidx.core:core-telecom:1.0.1] AndroidManifest.xml:44:13-84
66            <intent-filter>
66-->[androidx.core:core-telecom:1.0.1] AndroidManifest.xml:45:13-47:29
67                <action android:name="android.telecom.ConnectionService" />
67-->[androidx.core:core-telecom:1.0.1] AndroidManifest.xml:46:17-76
67-->[androidx.core:core-telecom:1.0.1] AndroidManifest.xml:46:25-73
68            </intent-filter>
69        </service>
70
71        <activity
71-->[androidx.compose.ui:ui-tooling-android:1.6.8] AndroidManifest.xml:23:9-25:39
72            android:name="androidx.compose.ui.tooling.PreviewActivity"
72-->[androidx.compose.ui:ui-tooling-android:1.6.8] AndroidManifest.xml:24:13-71
73            android:exported="true" />
73-->[androidx.compose.ui:ui-tooling-android:1.6.8] AndroidManifest.xml:25:13-36
74        <activity
74-->[androidx.compose.ui:ui-test-manifest:1.6.8] AndroidManifest.xml:23:9-25:39
75            android:name="androidx.activity.ComponentActivity"
75-->[androidx.compose.ui:ui-test-manifest:1.6.8] AndroidManifest.xml:24:13-63
76            android:exported="true" />
76-->[androidx.compose.ui:ui-test-manifest:1.6.8] AndroidManifest.xml:25:13-36
77
78        <provider
78-->[androidx.emoji2:emoji2:1.3.0] AndroidManifest.xml:24:9-32:20
79            android:name="androidx.startup.InitializationProvider"
79-->[androidx.emoji2:emoji2:1.3.0] AndroidManifest.xml:25:13-67
80            android:authorities="com.example.hearingaidstreamer.androidx-startup"
80-->[androidx.emoji2:emoji2:1.3.0] AndroidManifest.xml:26:13-68
81            android:exported="false" >
81-->[androidx.emoji2:emoji2:1.3.0] AndroidManifest.xml:27:13-37
82            <meta-data
82-->[androidx.emoji2:emoji2:1.3.0] AndroidManifest.xml:29:13-31:52
83                android:name="androidx.emoji2.text.EmojiCompatInitializer"
83-->[androidx.emoji2:emoji2:1.3.0] AndroidManifest.xml:30:17-75
84                android:value="androidx.startup" />
84-->[androidx.emoji2:emoji2:1.3.0] AndroidManifest.xml:31:17-49
85            <meta-data
85-->[androidx.lifecycle:lifecycle-process:2.8.1] AndroidManifest.xml:29:13-31:52
86                android:name="androidx.lifecycle.ProcessLifecycleInitializer"
86-->[androidx.lifecycle:lifecycle-process:2.8.1] AndroidManifest.xml:30:17-78
87                android:value="androidx.startup" />
87-->[androidx.lifecycle:lifecycle-process:2.8.1] AndroidManifest.xml:31:17-49
88            <meta-data
88-->[androidx.profileinstaller:profileinstaller:1.3.1] AndroidManifest.xml:29:13-31:52
89                android:name="androidx.profileinstaller.ProfileInstallerInitializer"
89-->[androidx.profileinstaller:profileinstaller:1.3.1] AndroidManifest.xml:30:17-85
90                android:value="androidx.startup" />
90-->[androidx.profileinstaller:profileinstaller:1.3.1] AndroidManifest.xml:31:17-49
91        </provider>
92
93        <receiver
93-->[androidx.profileinstaller:profileinstaller:1.3.1] AndroidManifest.xml:34:9-52:20
94            android:name="androidx.profileinstaller.ProfileInstallReceiver"
94-->[androidx.profileinstaller:profileinstaller:1.3.1] AndroidManifest.xml:35:13-76
95            android:directBootAware="false"
95-->[androidx.profileinstaller:profileinstaller:1.3.1] AndroidManifest.xml:36:13-44
96            android:enabled="true"
96-->[androidx.profileinstaller:profileinstaller:1.3.1] AndroidManifest.xml:37:13-35
97            android:exported="true"
97-->[androidx.profileinstaller:profileinstaller:1.3.1] AndroidManifest.xml:38:13-36
98            android:permission="android.permission.DUMP" >
98-->[androidx.profileinstaller:profileinstaller:1.3.1] AndroidManifest.xml:39:13-57
99            <intent-filter>
99-->[androidx.profileinstaller:profileinstaller:1.3.1] AndroidManifest.xml:40:13-42:29
100                <action android:name="androidx.profileinstaller.action.INSTALL_PROFILE" />
100-->[androidx.profileinstaller:profileinstaller:1.3.1] AndroidManifest.xml:41:17-91
100-->[androidx.profileinstaller:profileinstaller:1.3.1] AndroidManifest.xml:41:25-88
101            </intent-filter>
102            <intent-filter>
102-->[androidx.profileinstaller:profileinstaller:1.3.1] AndroidManifest.xml:43:13-45:29
103                <action android:name="androidx.profileinstaller.action.SKIP_FILE" />
103-->[androidx.profileinstaller:profileinstaller:1.3.1] AndroidManifest.xml:44:17-85
103-->[androidx.profileinstaller:profileinstaller:1.3.1] AndroidManifest.xml:44:25-82
104            </intent-filter>
105            <intent-filter>
105-->[androidx.profileinstaller:profileinstaller:1.3.1] AndroidManifest.xml:46:13-48:29
106                <action android:name="androidx.profileinstaller.action.SAVE_PROFILE" />
106-->[androidx.profileinstaller:profileinstaller:1.3.1] AndroidManifest.xml:47:17-88
106-->[androidx.profileinstaller:profileinstaller:1.3.1] AndroidManifest.xml:47:25-85
107            </intent-filter>
108            <intent-filter>
108-->[androidx.profileinstaller:profileinstaller:1.3.1] AndroidManifest.xml:49:13-51:29
109                <action android:name="androidx.profileinstaller.action.BENCHMARK_OPERATION" />
109-->[androidx.profileinstaller:profileinstaller:1.3.1] AndroidManifest.xml:50:17-95
109-->[androidx.profileinstaller:profileinstaller:1.3.1] AndroidManifest.xml:50:25-92
110            </intent-filter>
111        </receiver>
112    </application>
113
114</manifest>